
*** Running vivado
    with args -log direct_io_top.vdi -applog -m64 -product Vivado -messageDb vivado.pb -mode batch -source direct_io_top.tcl -notrace



****** Vivado v2024.1 (64-bit)
  **** SW Build 5076996 on Wed May 22 18:37:14 MDT 2024
  **** IP Build 5075265 on Wed May 22 21:45:21 MDT 2024
  **** SharedData Build 5076995 on Wed May 22 18:29:18 MDT 2024
  **** Start of session at: Fri Oct 25 14:04:37 2024
    ** Copyright 1986-2022 Xilinx, Inc. All Rights Reserved.
    ** Copyright 2022-2024 Advanced Micro Devices, Inc. All Rights Reserved.

source direct_io_top.tcl -notrace
create_project: Time (s): cpu = 00:00:10 ; elapsed = 00:00:11 . Memory (MB): peak = 556.707 ; gain = 255.688
Command: link_design -top direct_io_top -part xc7z020clg400-1
Design is defaulting to srcset: sources_1
Design is defaulting to constrset: constrs_1
INFO: [Device 21-403] Loading part xc7z020clg400-1
INFO: [Device 21-9227] Part: xc7z020clg400-1 does not have CEAM library.
Netlist sorting complete. Time (s): cpu = 00:00:00 ; elapsed = 00:00:00.001 . Memory (MB): peak = 985.934 ; gain = 0.000
INFO: [Project 1-479] Netlist was created with Vivado 2024.1
INFO: [Project 1-570] Preparing netlist for logic optimization
Parsing XDC File [C:/Users/u15q86/Documents/git/SNES-FPGA-IO/direct-io/direct-io.srcs/constrs_1/imports/constrs/Arty-Z7-20-Master.xdc]
WARNING: [Vivado 12-584] No ports matched 'clk'. [C:/Users/u15q86/Documents/git/SNES-FPGA-IO/direct-io/direct-io.srcs/constrs_1/imports/constrs/Arty-Z7-20-Master.xdc:7]
CRITICAL WARNING: [Common 17-55] 'set_property' expects at least one object. [C:/Users/u15q86/Documents/git/SNES-FPGA-IO/direct-io/direct-io.srcs/constrs_1/imports/constrs/Arty-Z7-20-Master.xdc:7]
Resolution: If [get_<value>] was used to populate the object, check to make sure this command returns at least one valid object.
WARNING: [Vivado 12-584] No ports matched 'clk'. [C:/Users/u15q86/Documents/git/SNES-FPGA-IO/direct-io/direct-io.srcs/constrs_1/imports/constrs/Arty-Z7-20-Master.xdc:8]
CRITICAL WARNING: [Vivado 12-4739] create_clock:No valid object(s) found for '-objects [get_ports clk]'. [C:/Users/u15q86/Documents/git/SNES-FPGA-IO/direct-io/direct-io.srcs/constrs_1/imports/constrs/Arty-Z7-20-Master.xdc:8]
Resolution: Check if the specified object(s) exists in the current design. If it does, ensure that the correct design hierarchy was specified for the object. If you are working with clocks, make sure create_clock was used to create the clock object before it is referenced.
WARNING: [Vivado 12-584] No ports matched 'sw[0]'. [C:/Users/u15q86/Documents/git/SNES-FPGA-IO/direct-io/direct-io.srcs/constrs_1/imports/constrs/Arty-Z7-20-Master.xdc:11]
CRITICAL WARNING: [Common 17-55] 'set_property' expects at least one object. [C:/Users/u15q86/Documents/git/SNES-FPGA-IO/direct-io/direct-io.srcs/constrs_1/imports/constrs/Arty-Z7-20-Master.xdc:11]
Resolution: If [get_<value>] was used to populate the object, check to make sure this command returns at least one valid object.
WARNING: [Vivado 12-584] No ports matched 'sw[1]'. [C:/Users/u15q86/Documents/git/SNES-FPGA-IO/direct-io/direct-io.srcs/constrs_1/imports/constrs/Arty-Z7-20-Master.xdc:12]
CRITICAL WARNING: [Common 17-55] 'set_property' expects at least one object. [C:/Users/u15q86/Documents/git/SNES-FPGA-IO/direct-io/direct-io.srcs/constrs_1/imports/constrs/Arty-Z7-20-Master.xdc:12]
Resolution: If [get_<value>] was used to populate the object, check to make sure this command returns at least one valid object.
WARNING: [Vivado 12-584] No ports matched 'led5_r'. [C:/Users/u15q86/Documents/git/SNES-FPGA-IO/direct-io/direct-io.srcs/constrs_1/imports/constrs/Arty-Z7-20-Master.xdc:20]
CRITICAL WARNING: [Common 17-55] 'set_property' expects at least one object. [C:/Users/u15q86/Documents/git/SNES-FPGA-IO/direct-io/direct-io.srcs/constrs_1/imports/constrs/Arty-Z7-20-Master.xdc:20]
Resolution: If [get_<value>] was used to populate the object, check to make sure this command returns at least one valid object.
WARNING: [Vivado 12-584] No ports matched 'led[0]'. [C:/Users/u15q86/Documents/git/SNES-FPGA-IO/direct-io/direct-io.srcs/constrs_1/imports/constrs/Arty-Z7-20-Master.xdc:23]
CRITICAL WARNING: [Common 17-55] 'set_property' expects at least one object. [C:/Users/u15q86/Documents/git/SNES-FPGA-IO/direct-io/direct-io.srcs/constrs_1/imports/constrs/Arty-Z7-20-Master.xdc:23]
Resolution: If [get_<value>] was used to populate the object, check to make sure this command returns at least one valid object.
WARNING: [Vivado 12-584] No ports matched 'led[1]'. [C:/Users/u15q86/Documents/git/SNES-FPGA-IO/direct-io/direct-io.srcs/constrs_1/imports/constrs/Arty-Z7-20-Master.xdc:24]
CRITICAL WARNING: [Common 17-55] 'set_property' expects at least one object. [C:/Users/u15q86/Documents/git/SNES-FPGA-IO/direct-io/direct-io.srcs/constrs_1/imports/constrs/Arty-Z7-20-Master.xdc:24]
Resolution: If [get_<value>] was used to populate the object, check to make sure this command returns at least one valid object.
WARNING: [Vivado 12-584] No ports matched 'led[2]'. [C:/Users/u15q86/Documents/git/SNES-FPGA-IO/direct-io/direct-io.srcs/constrs_1/imports/constrs/Arty-Z7-20-Master.xdc:25]
CRITICAL WARNING: [Common 17-55] 'set_property' expects at least one object. [C:/Users/u15q86/Documents/git/SNES-FPGA-IO/direct-io/direct-io.srcs/constrs_1/imports/constrs/Arty-Z7-20-Master.xdc:25]
Resolution: If [get_<value>] was used to populate the object, check to make sure this command returns at least one valid object.
WARNING: [Vivado 12-584] No ports matched 'led[3]'. [C:/Users/u15q86/Documents/git/SNES-FPGA-IO/direct-io/direct-io.srcs/constrs_1/imports/constrs/Arty-Z7-20-Master.xdc:26]
CRITICAL WARNING: [Common 17-55] 'set_property' expects at least one object. [C:/Users/u15q86/Documents/git/SNES-FPGA-IO/direct-io/direct-io.srcs/constrs_1/imports/constrs/Arty-Z7-20-Master.xdc:26]
Resolution: If [get_<value>] was used to populate the object, check to make sure this command returns at least one valid object.
WARNING: [Vivado 12-584] No ports matched 'btn[0]'. [C:/Users/u15q86/Documents/git/SNES-FPGA-IO/direct-io/direct-io.srcs/constrs_1/imports/constrs/Arty-Z7-20-Master.xdc:29]
CRITICAL WARNING: [Common 17-55] 'set_property' expects at least one object. [C:/Users/u15q86/Documents/git/SNES-FPGA-IO/direct-io/direct-io.srcs/constrs_1/imports/constrs/Arty-Z7-20-Master.xdc:29]
Resolution: If [get_<value>] was used to populate the object, check to make sure this command returns at least one valid object.
WARNING: [Vivado 12-584] No ports matched 'btn[1]'. [C:/Users/u15q86/Documents/git/SNES-FPGA-IO/direct-io/direct-io.srcs/constrs_1/imports/constrs/Arty-Z7-20-Master.xdc:30]
CRITICAL WARNING: [Common 17-55] 'set_property' expects at least one object. [C:/Users/u15q86/Documents/git/SNES-FPGA-IO/direct-io/direct-io.srcs/constrs_1/imports/constrs/Arty-Z7-20-Master.xdc:30]
Resolution: If [get_<value>] was used to populate the object, check to make sure this command returns at least one valid object.
WARNING: [Vivado 12-584] No ports matched 'btn[2]'. [C:/Users/u15q86/Documents/git/SNES-FPGA-IO/direct-io/direct-io.srcs/constrs_1/imports/constrs/Arty-Z7-20-Master.xdc:31]
CRITICAL WARNING: [Common 17-55] 'set_property' expects at least one object. [C:/Users/u15q86/Documents/git/SNES-FPGA-IO/direct-io/direct-io.srcs/constrs_1/imports/constrs/Arty-Z7-20-Master.xdc:31]
Resolution: If [get_<value>] was used to populate the object, check to make sure this command returns at least one valid object.
WARNING: [Vivado 12-584] No ports matched 'btn[3]'. [C:/Users/u15q86/Documents/git/SNES-FPGA-IO/direct-io/direct-io.srcs/constrs_1/imports/constrs/Arty-Z7-20-Master.xdc:32]
CRITICAL WARNING: [Common 17-55] 'set_property' expects at least one object. [C:/Users/u15q86/Documents/git/SNES-FPGA-IO/direct-io/direct-io.srcs/constrs_1/imports/constrs/Arty-Z7-20-Master.xdc:32]
Resolution: If [get_<value>] was used to populate the object, check to make sure this command returns at least one valid object.
WARNING: [Vivado 12-584] No ports matched 'jb_p[1]'. [C:/Users/u15q86/Documents/git/SNES-FPGA-IO/direct-io/direct-io.srcs/constrs_1/imports/constrs/Arty-Z7-20-Master.xdc:45]
CRITICAL WARNING: [Common 17-55] 'set_property' expects at least one object. [C:/Users/u15q86/Documents/git/SNES-FPGA-IO/direct-io/direct-io.srcs/constrs_1/imports/constrs/Arty-Z7-20-Master.xdc:45]
Resolution: If [get_<value>] was used to populate the object, check to make sure this command returns at least one valid object.
WARNING: [Vivado 12-584] No ports matched 'jb_n[1]'. [C:/Users/u15q86/Documents/git/SNES-FPGA-IO/direct-io/direct-io.srcs/constrs_1/imports/constrs/Arty-Z7-20-Master.xdc:46]
CRITICAL WARNING: [Common 17-55] 'set_property' expects at least one object. [C:/Users/u15q86/Documents/git/SNES-FPGA-IO/direct-io/direct-io.srcs/constrs_1/imports/constrs/Arty-Z7-20-Master.xdc:46]
Resolution: If [get_<value>] was used to populate the object, check to make sure this command returns at least one valid object.
WARNING: [Vivado 12-584] No ports matched 'jb_p[2]'. [C:/Users/u15q86/Documents/git/SNES-FPGA-IO/direct-io/direct-io.srcs/constrs_1/imports/constrs/Arty-Z7-20-Master.xdc:47]
CRITICAL WARNING: [Common 17-55] 'set_property' expects at least one object. [C:/Users/u15q86/Documents/git/SNES-FPGA-IO/direct-io/direct-io.srcs/constrs_1/imports/constrs/Arty-Z7-20-Master.xdc:47]
Resolution: If [get_<value>] was used to populate the object, check to make sure this command returns at least one valid object.
WARNING: [Vivado 12-584] No ports matched 'jb_n[2]'. [C:/Users/u15q86/Documents/git/SNES-FPGA-IO/direct-io/direct-io.srcs/constrs_1/imports/constrs/Arty-Z7-20-Master.xdc:48]
CRITICAL WARNING: [Common 17-55] 'set_property' expects at least one object. [C:/Users/u15q86/Documents/git/SNES-FPGA-IO/direct-io/direct-io.srcs/constrs_1/imports/constrs/Arty-Z7-20-Master.xdc:48]
Resolution: If [get_<value>] was used to populate the object, check to make sure this command returns at least one valid object.
WARNING: [Vivado 12-584] No ports matched 'jb_p[3]'. [C:/Users/u15q86/Documents/git/SNES-FPGA-IO/direct-io/direct-io.srcs/constrs_1/imports/constrs/Arty-Z7-20-Master.xdc:49]
CRITICAL WARNING: [Common 17-55] 'set_property' expects at least one object. [C:/Users/u15q86/Documents/git/SNES-FPGA-IO/direct-io/direct-io.srcs/constrs_1/imports/constrs/Arty-Z7-20-Master.xdc:49]
Resolution: If [get_<value>] was used to populate the object, check to make sure this command returns at least one valid object.
WARNING: [Vivado 12-584] No ports matched 'jb_n[3]'. [C:/Users/u15q86/Documents/git/SNES-FPGA-IO/direct-io/direct-io.srcs/constrs_1/imports/constrs/Arty-Z7-20-Master.xdc:50]
CRITICAL WARNING: [Common 17-55] 'set_property' expects at least one object. [C:/Users/u15q86/Documents/git/SNES-FPGA-IO/direct-io/direct-io.srcs/constrs_1/imports/constrs/Arty-Z7-20-Master.xdc:50]
Resolution: If [get_<value>] was used to populate the object, check to make sure this command returns at least one valid object.
WARNING: [Vivado 12-584] No ports matched 'jb_p[4]'. [C:/Users/u15q86/Documents/git/SNES-FPGA-IO/direct-io/direct-io.srcs/constrs_1/imports/constrs/Arty-Z7-20-Master.xdc:51]
CRITICAL WARNING: [Common 17-55] 'set_property' expects at least one object. [C:/Users/u15q86/Documents/git/SNES-FPGA-IO/direct-io/direct-io.srcs/constrs_1/imports/constrs/Arty-Z7-20-Master.xdc:51]
Resolution: If [get_<value>] was used to populate the object, check to make sure this command returns at least one valid object.
WARNING: [Vivado 12-584] No ports matched 'jb_n[4]'. [C:/Users/u15q86/Documents/git/SNES-FPGA-IO/direct-io/direct-io.srcs/constrs_1/imports/constrs/Arty-Z7-20-Master.xdc:52]
CRITICAL WARNING: [Common 17-55] 'set_property' expects at least one object. [C:/Users/u15q86/Documents/git/SNES-FPGA-IO/direct-io/direct-io.srcs/constrs_1/imports/constrs/Arty-Z7-20-Master.xdc:52]
Resolution: If [get_<value>] was used to populate the object, check to make sure this command returns at least one valid object.
WARNING: [Vivado 12-584] No ports matched 'aud_pwm'. [C:/Users/u15q86/Documents/git/SNES-FPGA-IO/direct-io/direct-io.srcs/constrs_1/imports/constrs/Arty-Z7-20-Master.xdc:55]
CRITICAL WARNING: [Common 17-55] 'set_property' expects at least one object. [C:/Users/u15q86/Documents/git/SNES-FPGA-IO/direct-io/direct-io.srcs/constrs_1/imports/constrs/Arty-Z7-20-Master.xdc:55]
Resolution: If [get_<value>] was used to populate the object, check to make sure this command returns at least one valid object.
WARNING: [Vivado 12-584] No ports matched 'aud_sd'. [C:/Users/u15q86/Documents/git/SNES-FPGA-IO/direct-io/direct-io.srcs/constrs_1/imports/constrs/Arty-Z7-20-Master.xdc:56]
CRITICAL WARNING: [Common 17-55] 'set_property' expects at least one object. [C:/Users/u15q86/Documents/git/SNES-FPGA-IO/direct-io/direct-io.srcs/constrs_1/imports/constrs/Arty-Z7-20-Master.xdc:56]
Resolution: If [get_<value>] was used to populate the object, check to make sure this command returns at least one valid object.
WARNING: [Vivado 12-584] No ports matched 'crypto_sda'. [C:/Users/u15q86/Documents/git/SNES-FPGA-IO/direct-io/direct-io.srcs/constrs_1/imports/constrs/Arty-Z7-20-Master.xdc:59]
CRITICAL WARNING: [Common 17-55] 'set_property' expects at least one object. [C:/Users/u15q86/Documents/git/SNES-FPGA-IO/direct-io/direct-io.srcs/constrs_1/imports/constrs/Arty-Z7-20-Master.xdc:59]
Resolution: If [get_<value>] was used to populate the object, check to make sure this command returns at least one valid object.
WARNING: [Vivado 12-584] No ports matched 'hdmi_rx_cec'. [C:/Users/u15q86/Documents/git/SNES-FPGA-IO/direct-io/direct-io.srcs/constrs_1/imports/constrs/Arty-Z7-20-Master.xdc:62]
CRITICAL WARNING: [Common 17-55] 'set_property' expects at least one object. [C:/Users/u15q86/Documents/git/SNES-FPGA-IO/direct-io/direct-io.srcs/constrs_1/imports/constrs/Arty-Z7-20-Master.xdc:62]
Resolution: If [get_<value>] was used to populate the object, check to make sure this command returns at least one valid object.
WARNING: [Vivado 12-584] No ports matched 'hdmi_rx_clk_n'. [C:/Users/u15q86/Documents/git/SNES-FPGA-IO/direct-io/direct-io.srcs/constrs_1/imports/constrs/Arty-Z7-20-Master.xdc:63]
CRITICAL WARNING: [Common 17-55] 'set_property' expects at least one object. [C:/Users/u15q86/Documents/git/SNES-FPGA-IO/direct-io/direct-io.srcs/constrs_1/imports/constrs/Arty-Z7-20-Master.xdc:63]
Resolution: If [get_<value>] was used to populate the object, check to make sure this command returns at least one valid object.
WARNING: [Vivado 12-584] No ports matched 'hdmi_rx_clk_p'. [C:/Users/u15q86/Documents/git/SNES-FPGA-IO/direct-io/direct-io.srcs/constrs_1/imports/constrs/Arty-Z7-20-Master.xdc:64]
CRITICAL WARNING: [Common 17-55] 'set_property' expects at least one object. [C:/Users/u15q86/Documents/git/SNES-FPGA-IO/direct-io/direct-io.srcs/constrs_1/imports/constrs/Arty-Z7-20-Master.xdc:64]
Resolution: If [get_<value>] was used to populate the object, check to make sure this command returns at least one valid object.
WARNING: [Vivado 12-584] No ports matched 'hdmi_rx_d_n[0]'. [C:/Users/u15q86/Documents/git/SNES-FPGA-IO/direct-io/direct-io.srcs/constrs_1/imports/constrs/Arty-Z7-20-Master.xdc:65]
CRITICAL WARNING: [Common 17-55] 'set_property' expects at least one object. [C:/Users/u15q86/Documents/git/SNES-FPGA-IO/direct-io/direct-io.srcs/constrs_1/imports/constrs/Arty-Z7-20-Master.xdc:65]
Resolution: If [get_<value>] was used to populate the object, check to make sure this command returns at least one valid object.
WARNING: [Vivado 12-584] No ports matched 'hdmi_rx_d_p[0]'. [C:/Users/u15q86/Documents/git/SNES-FPGA-IO/direct-io/direct-io.srcs/constrs_1/imports/constrs/Arty-Z7-20-Master.xdc:66]
CRITICAL WARNING: [Common 17-55] 'set_property' expects at least one object. [C:/Users/u15q86/Documents/git/SNES-FPGA-IO/direct-io/direct-io.srcs/constrs_1/imports/constrs/Arty-Z7-20-Master.xdc:66]
Resolution: If [get_<value>] was used to populate the object, check to make sure this command returns at least one valid object.
WARNING: [Vivado 12-584] No ports matched 'hdmi_rx_d_n[1]'. [C:/Users/u15q86/Documents/git/SNES-FPGA-IO/direct-io/direct-io.srcs/constrs_1/imports/constrs/Arty-Z7-20-Master.xdc:67]
CRITICAL WARNING: [Common 17-55] 'set_property' expects at least one object. [C:/Users/u15q86/Documents/git/SNES-FPGA-IO/direct-io/direct-io.srcs/constrs_1/imports/constrs/Arty-Z7-20-Master.xdc:67]
Resolution: If [get_<value>] was used to populate the object, check to make sure this command returns at least one valid object.
WARNING: [Vivado 12-584] No ports matched 'hdmi_rx_d_p[1]'. [C:/Users/u15q86/Documents/git/SNES-FPGA-IO/direct-io/direct-io.srcs/constrs_1/imports/constrs/Arty-Z7-20-Master.xdc:68]
CRITICAL WARNING: [Common 17-55] 'set_property' expects at least one object. [C:/Users/u15q86/Documents/git/SNES-FPGA-IO/direct-io/direct-io.srcs/constrs_1/imports/constrs/Arty-Z7-20-Master.xdc:68]
Resolution: If [get_<value>] was used to populate the object, check to make sure this command returns at least one valid object.
WARNING: [Vivado 12-584] No ports matched 'hdmi_rx_d_n[2]'. [C:/Users/u15q86/Documents/git/SNES-FPGA-IO/direct-io/direct-io.srcs/constrs_1/imports/constrs/Arty-Z7-20-Master.xdc:69]
CRITICAL WARNING: [Common 17-55] 'set_property' expects at least one object. [C:/Users/u15q86/Documents/git/SNES-FPGA-IO/direct-io/direct-io.srcs/constrs_1/imports/constrs/Arty-Z7-20-Master.xdc:69]
Resolution: If [get_<value>] was used to populate the object, check to make sure this command returns at least one valid object.
WARNING: [Vivado 12-584] No ports matched 'hdmi_rx_d_p[2]'. [C:/Users/u15q86/Documents/git/SNES-FPGA-IO/direct-io/direct-io.srcs/constrs_1/imports/constrs/Arty-Z7-20-Master.xdc:70]
CRITICAL WARNING: [Common 17-55] 'set_property' expects at least one object. [C:/Users/u15q86/Documents/git/SNES-FPGA-IO/direct-io/direct-io.srcs/constrs_1/imports/constrs/Arty-Z7-20-Master.xdc:70]
Resolution: If [get_<value>] was used to populate the object, check to make sure this command returns at least one valid object.
WARNING: [Vivado 12-584] No ports matched 'hdmi_rx_hpd'. [C:/Users/u15q86/Documents/git/SNES-FPGA-IO/direct-io/direct-io.srcs/constrs_1/imports/constrs/Arty-Z7-20-Master.xdc:71]
CRITICAL WARNING: [Common 17-55] 'set_property' expects at least one object. [C:/Users/u15q86/Documents/git/SNES-FPGA-IO/direct-io/direct-io.srcs/constrs_1/imports/constrs/Arty-Z7-20-Master.xdc:71]
Resolution: If [get_<value>] was used to populate the object, check to make sure this command returns at least one valid object.
WARNING: [Vivado 12-584] No ports matched 'hdmi_rx_scl'. [C:/Users/u15q86/Documents/git/SNES-FPGA-IO/direct-io/direct-io.srcs/constrs_1/imports/constrs/Arty-Z7-20-Master.xdc:72]
CRITICAL WARNING: [Common 17-55] 'set_property' expects at least one object. [C:/Users/u15q86/Documents/git/SNES-FPGA-IO/direct-io/direct-io.srcs/constrs_1/imports/constrs/Arty-Z7-20-Master.xdc:72]
Resolution: If [get_<value>] was used to populate the object, check to make sure this command returns at least one valid object.
WARNING: [Vivado 12-584] No ports matched 'hdmi_rx_sda'. [C:/Users/u15q86/Documents/git/SNES-FPGA-IO/direct-io/direct-io.srcs/constrs_1/imports/constrs/Arty-Z7-20-Master.xdc:73]
CRITICAL WARNING: [Common 17-55] 'set_property' expects at least one object. [C:/Users/u15q86/Documents/git/SNES-FPGA-IO/direct-io/direct-io.srcs/constrs_1/imports/constrs/Arty-Z7-20-Master.xdc:73]
Resolution: If [get_<value>] was used to populate the object, check to make sure this command returns at least one valid object.
WARNING: [Vivado 12-584] No ports matched 'hdmi_tx_cec'. [C:/Users/u15q86/Documents/git/SNES-FPGA-IO/direct-io/direct-io.srcs/constrs_1/imports/constrs/Arty-Z7-20-Master.xdc:76]
CRITICAL WARNING: [Common 17-55] 'set_property' expects at least one object. [C:/Users/u15q86/Documents/git/SNES-FPGA-IO/direct-io/direct-io.srcs/constrs_1/imports/constrs/Arty-Z7-20-Master.xdc:76]
Resolution: If [get_<value>] was used to populate the object, check to make sure this command returns at least one valid object.
WARNING: [Vivado 12-584] No ports matched 'hdmi_tx_clk_n'. [C:/Users/u15q86/Documents/git/SNES-FPGA-IO/direct-io/direct-io.srcs/constrs_1/imports/constrs/Arty-Z7-20-Master.xdc:77]
CRITICAL WARNING: [Common 17-55] 'set_property' expects at least one object. [C:/Users/u15q86/Documents/git/SNES-FPGA-IO/direct-io/direct-io.srcs/constrs_1/imports/constrs/Arty-Z7-20-Master.xdc:77]
Resolution: If [get_<value>] was used to populate the object, check to make sure this command returns at least one valid object.
WARNING: [Vivado 12-584] No ports matched 'hdmi_tx_clk_p'. [C:/Users/u15q86/Documents/git/SNES-FPGA-IO/direct-io/direct-io.srcs/constrs_1/imports/constrs/Arty-Z7-20-Master.xdc:78]
CRITICAL WARNING: [Common 17-55] 'set_property' expects at least one object. [C:/Users/u15q86/Documents/git/SNES-FPGA-IO/direct-io/direct-io.srcs/constrs_1/imports/constrs/Arty-Z7-20-Master.xdc:78]
Resolution: If [get_<value>] was used to populate the object, check to make sure this command returns at least one valid object.
WARNING: [Vivado 12-584] No ports matched 'hdmi_tx_d_n[0]'. [C:/Users/u15q86/Documents/git/SNES-FPGA-IO/direct-io/direct-io.srcs/constrs_1/imports/constrs/Arty-Z7-20-Master.xdc:79]
CRITICAL WARNING: [Common 17-55] 'set_property' expects at least one object. [C:/Users/u15q86/Documents/git/SNES-FPGA-IO/direct-io/direct-io.srcs/constrs_1/imports/constrs/Arty-Z7-20-Master.xdc:79]
Resolution: If [get_<value>] was used to populate the object, check to make sure this command returns at least one valid object.
WARNING: [Vivado 12-584] No ports matched 'hdmi_tx_d_p[0]'. [C:/Users/u15q86/Documents/git/SNES-FPGA-IO/direct-io/direct-io.srcs/constrs_1/imports/constrs/Arty-Z7-20-Master.xdc:80]
CRITICAL WARNING: [Common 17-55] 'set_property' expects at least one object. [C:/Users/u15q86/Documents/git/SNES-FPGA-IO/direct-io/direct-io.srcs/constrs_1/imports/constrs/Arty-Z7-20-Master.xdc:80]
Resolution: If [get_<value>] was used to populate the object, check to make sure this command returns at least one valid object.
WARNING: [Vivado 12-584] No ports matched 'hdmi_tx_d_n[1]'. [C:/Users/u15q86/Documents/git/SNES-FPGA-IO/direct-io/direct-io.srcs/constrs_1/imports/constrs/Arty-Z7-20-Master.xdc:81]
CRITICAL WARNING: [Common 17-55] 'set_property' expects at least one object. [C:/Users/u15q86/Documents/git/SNES-FPGA-IO/direct-io/direct-io.srcs/constrs_1/imports/constrs/Arty-Z7-20-Master.xdc:81]
Resolution: If [get_<value>] was used to populate the object, check to make sure this command returns at least one valid object.
WARNING: [Vivado 12-584] No ports matched 'hdmi_tx_d_p[1]'. [C:/Users/u15q86/Documents/git/SNES-FPGA-IO/direct-io/direct-io.srcs/constrs_1/imports/constrs/Arty-Z7-20-Master.xdc:82]
CRITICAL WARNING: [Common 17-55] 'set_property' expects at least one object. [C:/Users/u15q86/Documents/git/SNES-FPGA-IO/direct-io/direct-io.srcs/constrs_1/imports/constrs/Arty-Z7-20-Master.xdc:82]
Resolution: If [get_<value>] was used to populate the object, check to make sure this command returns at least one valid object.
WARNING: [Vivado 12-584] No ports matched 'hdmi_tx_d_n[2]'. [C:/Users/u15q86/Documents/git/SNES-FPGA-IO/direct-io/direct-io.srcs/constrs_1/imports/constrs/Arty-Z7-20-Master.xdc:83]
CRITICAL WARNING: [Common 17-55] 'set_property' expects at least one object. [C:/Users/u15q86/Documents/git/SNES-FPGA-IO/direct-io/direct-io.srcs/constrs_1/imports/constrs/Arty-Z7-20-Master.xdc:83]
Resolution: If [get_<value>] was used to populate the object, check to make sure this command returns at least one valid object.
WARNING: [Vivado 12-584] No ports matched 'hdmi_tx_d_p[2]'. [C:/Users/u15q86/Documents/git/SNES-FPGA-IO/direct-io/direct-io.srcs/constrs_1/imports/constrs/Arty-Z7-20-Master.xdc:84]
CRITICAL WARNING: [Common 17-55] 'set_property' expects at least one object. [C:/Users/u15q86/Documents/git/SNES-FPGA-IO/direct-io/direct-io.srcs/constrs_1/imports/constrs/Arty-Z7-20-Master.xdc:84]
Resolution: If [get_<value>] was used to populate the object, check to make sure this command returns at least one valid object.
WARNING: [Vivado 12-584] No ports matched 'hdmi_tx_hpdn'. [C:/Users/u15q86/Documents/git/SNES-FPGA-IO/direct-io/direct-io.srcs/constrs_1/imports/constrs/Arty-Z7-20-Master.xdc:85]
CRITICAL WARNING: [Common 17-55] 'set_property' expects at least one object. [C:/Users/u15q86/Documents/git/SNES-FPGA-IO/direct-io/direct-io.srcs/constrs_1/imports/constrs/Arty-Z7-20-Master.xdc:85]
Resolution: If [get_<value>] was used to populate the object, check to make sure this command returns at least one valid object.
WARNING: [Vivado 12-584] No ports matched 'hdmi_tx_scl'. [C:/Users/u15q86/Documents/git/SNES-FPGA-IO/direct-io/direct-io.srcs/constrs_1/imports/constrs/Arty-Z7-20-Master.xdc:86]
CRITICAL WARNING: [Common 17-55] 'set_property' expects at least one object. [C:/Users/u15q86/Documents/git/SNES-FPGA-IO/direct-io/direct-io.srcs/constrs_1/imports/constrs/Arty-Z7-20-Master.xdc:86]
Resolution: If [get_<value>] was used to populate the object, check to make sure this command returns at least one valid object.
WARNING: [Vivado 12-584] No ports matched 'hdmi_tx_sda'. [C:/Users/u15q86/Documents/git/SNES-FPGA-IO/direct-io/direct-io.srcs/constrs_1/imports/constrs/Arty-Z7-20-Master.xdc:87]
CRITICAL WARNING: [Common 17-55] 'set_property' expects at least one object. [C:/Users/u15q86/Documents/git/SNES-FPGA-IO/direct-io/direct-io.srcs/constrs_1/imports/constrs/Arty-Z7-20-Master.xdc:87]
Resolution: If [get_<value>] was used to populate the object, check to make sure this command returns at least one valid object.
WARNING: [Vivado 12-584] No ports matched 'ck_io8'. [C:/Users/u15q86/Documents/git/SNES-FPGA-IO/direct-io/direct-io.srcs/constrs_1/imports/constrs/Arty-Z7-20-Master.xdc:98]
CRITICAL WARNING: [Common 17-55] 'set_property' expects at least one object. [C:/Users/u15q86/Documents/git/SNES-FPGA-IO/direct-io/direct-io.srcs/constrs_1/imports/constrs/Arty-Z7-20-Master.xdc:98]
Resolution: If [get_<value>] was used to populate the object, check to make sure this command returns at least one valid object.
WARNING: [Vivado 12-584] No ports matched 'ck_io9'. [C:/Users/u15q86/Documents/git/SNES-FPGA-IO/direct-io/direct-io.srcs/constrs_1/imports/constrs/Arty-Z7-20-Master.xdc:99]
CRITICAL WARNING: [Common 17-55] 'set_property' expects at least one object. [C:/Users/u15q86/Documents/git/SNES-FPGA-IO/direct-io/direct-io.srcs/constrs_1/imports/constrs/Arty-Z7-20-Master.xdc:99]
Resolution: If [get_<value>] was used to populate the object, check to make sure this command returns at least one valid object.
WARNING: [Vivado 12-584] No ports matched 'ck_io10'. [C:/Users/u15q86/Documents/git/SNES-FPGA-IO/direct-io/direct-io.srcs/constrs_1/imports/constrs/Arty-Z7-20-Master.xdc:100]
CRITICAL WARNING: [Common 17-55] 'set_property' expects at least one object. [C:/Users/u15q86/Documents/git/SNES-FPGA-IO/direct-io/direct-io.srcs/constrs_1/imports/constrs/Arty-Z7-20-Master.xdc:100]
Resolution: If [get_<value>] was used to populate the object, check to make sure this command returns at least one valid object.
WARNING: [Vivado 12-584] No ports matched 'ck_io11'. [C:/Users/u15q86/Documents/git/SNES-FPGA-IO/direct-io/direct-io.srcs/constrs_1/imports/constrs/Arty-Z7-20-Master.xdc:101]
CRITICAL WARNING: [Common 17-55] 'set_property' expects at least one object. [C:/Users/u15q86/Documents/git/SNES-FPGA-IO/direct-io/direct-io.srcs/constrs_1/imports/constrs/Arty-Z7-20-Master.xdc:101]
Resolution: If [get_<value>] was used to populate the object, check to make sure this command returns at least one valid object.
WARNING: [Vivado 12-584] No ports matched 'ck_io12'. [C:/Users/u15q86/Documents/git/SNES-FPGA-IO/direct-io/direct-io.srcs/constrs_1/imports/constrs/Arty-Z7-20-Master.xdc:102]
CRITICAL WARNING: [Common 17-55] 'set_property' expects at least one object. [C:/Users/u15q86/Documents/git/SNES-FPGA-IO/direct-io/direct-io.srcs/constrs_1/imports/constrs/Arty-Z7-20-Master.xdc:102]
Resolution: If [get_<value>] was used to populate the object, check to make sure this command returns at least one valid object.
WARNING: [Vivado 12-584] No ports matched 'ck_io13'. [C:/Users/u15q86/Documents/git/SNES-FPGA-IO/direct-io/direct-io.srcs/constrs_1/imports/constrs/Arty-Z7-20-Master.xdc:103]
CRITICAL WARNING: [Common 17-55] 'set_property' expects at least one object. [C:/Users/u15q86/Documents/git/SNES-FPGA-IO/direct-io/direct-io.srcs/constrs_1/imports/constrs/Arty-Z7-20-Master.xdc:103]
Resolution: If [get_<value>] was used to populate the object, check to make sure this command returns at least one valid object.
WARNING: [Vivado 12-584] No ports matched 'vaux1_n'. [C:/Users/u15q86/Documents/git/SNES-FPGA-IO/direct-io/direct-io.srcs/constrs_1/imports/constrs/Arty-Z7-20-Master.xdc:127]
CRITICAL WARNING: [Common 17-55] 'set_property' expects at least one object. [C:/Users/u15q86/Documents/git/SNES-FPGA-IO/direct-io/direct-io.srcs/constrs_1/imports/constrs/Arty-Z7-20-Master.xdc:127]
Resolution: If [get_<value>] was used to populate the object, check to make sure this command returns at least one valid object.
WARNING: [Vivado 12-584] No ports matched 'vaux1_p'. [C:/Users/u15q86/Documents/git/SNES-FPGA-IO/direct-io/direct-io.srcs/constrs_1/imports/constrs/Arty-Z7-20-Master.xdc:128]
CRITICAL WARNING: [Common 17-55] 'set_property' expects at least one object. [C:/Users/u15q86/Documents/git/SNES-FPGA-IO/direct-io/direct-io.srcs/constrs_1/imports/constrs/Arty-Z7-20-Master.xdc:128]
Resolution: If [get_<value>] was used to populate the object, check to make sure this command returns at least one valid object.
WARNING: [Vivado 12-584] No ports matched 'vaux9_n'. [C:/Users/u15q86/Documents/git/SNES-FPGA-IO/direct-io/direct-io.srcs/constrs_1/imports/constrs/Arty-Z7-20-Master.xdc:129]
CRITICAL WARNING: [Common 17-55] 'set_property' expects at least one object. [C:/Users/u15q86/Documents/git/SNES-FPGA-IO/direct-io/direct-io.srcs/constrs_1/imports/constrs/Arty-Z7-20-Master.xdc:129]
Resolution: If [get_<value>] was used to populate the object, check to make sure this command returns at least one valid object.
WARNING: [Vivado 12-584] No ports matched 'vaux9_p'. [C:/Users/u15q86/Documents/git/SNES-FPGA-IO/direct-io/direct-io.srcs/constrs_1/imports/constrs/Arty-Z7-20-Master.xdc:130]
CRITICAL WARNING: [Common 17-55] 'set_property' expects at least one object. [C:/Users/u15q86/Documents/git/SNES-FPGA-IO/direct-io/direct-io.srcs/constrs_1/imports/constrs/Arty-Z7-20-Master.xdc:130]
Resolution: If [get_<value>] was used to populate the object, check to make sure this command returns at least one valid object.
WARNING: [Vivado 12-584] No ports matched 'vaux6_n'. [C:/Users/u15q86/Documents/git/SNES-FPGA-IO/direct-io/direct-io.srcs/constrs_1/imports/constrs/Arty-Z7-20-Master.xdc:131]
CRITICAL WARNING: [Common 17-55] 'set_property' expects at least one object. [C:/Users/u15q86/Documents/git/SNES-FPGA-IO/direct-io/direct-io.srcs/constrs_1/imports/constrs/Arty-Z7-20-Master.xdc:131]
Resolution: If [get_<value>] was used to populate the object, check to make sure this command returns at least one valid object.
WARNING: [Vivado 12-584] No ports matched 'vaux6_p'. [C:/Users/u15q86/Documents/git/SNES-FPGA-IO/direct-io/direct-io.srcs/constrs_1/imports/constrs/Arty-Z7-20-Master.xdc:132]
CRITICAL WARNING: [Common 17-55] 'set_property' expects at least one object. [C:/Users/u15q86/Documents/git/SNES-FPGA-IO/direct-io/direct-io.srcs/constrs_1/imports/constrs/Arty-Z7-20-Master.xdc:132]
Resolution: If [get_<value>] was used to populate the object, check to make sure this command returns at least one valid object.
WARNING: [Vivado 12-584] No ports matched 'vaux15_n'. [C:/Users/u15q86/Documents/git/SNES-FPGA-IO/direct-io/direct-io.srcs/constrs_1/imports/constrs/Arty-Z7-20-Master.xdc:133]
CRITICAL WARNING: [Common 17-55] 'set_property' expects at least one object. [C:/Users/u15q86/Documents/git/SNES-FPGA-IO/direct-io/direct-io.srcs/constrs_1/imports/constrs/Arty-Z7-20-Master.xdc:133]
Resolution: If [get_<value>] was used to populate the object, check to make sure this command returns at least one valid object.
WARNING: [Vivado 12-584] No ports matched 'vaux15_p'. [C:/Users/u15q86/Documents/git/SNES-FPGA-IO/direct-io/direct-io.srcs/constrs_1/imports/constrs/Arty-Z7-20-Master.xdc:134]
CRITICAL WARNING: [Common 17-55] 'set_property' expects at least one object. [C:/Users/u15q86/Documents/git/SNES-FPGA-IO/direct-io/direct-io.srcs/constrs_1/imports/constrs/Arty-Z7-20-Master.xdc:134]
Resolution: If [get_<value>] was used to populate the object, check to make sure this command returns at least one valid object.
WARNING: [Vivado 12-584] No ports matched 'vaux5_n'. [C:/Users/u15q86/Documents/git/SNES-FPGA-IO/direct-io/direct-io.srcs/constrs_1/imports/constrs/Arty-Z7-20-Master.xdc:135]
CRITICAL WARNING: [Common 17-55] 'set_property' expects at least one object. [C:/Users/u15q86/Documents/git/SNES-FPGA-IO/direct-io/direct-io.srcs/constrs_1/imports/constrs/Arty-Z7-20-Master.xdc:135]
Resolution: If [get_<value>] was used to populate the object, check to make sure this command returns at least one valid object.
WARNING: [Vivado 12-584] No ports matched 'vaux5_p'. [C:/Users/u15q86/Documents/git/SNES-FPGA-IO/direct-io/direct-io.srcs/constrs_1/imports/constrs/Arty-Z7-20-Master.xdc:136]
CRITICAL WARNING: [Common 17-55] 'set_property' expects at least one object. [C:/Users/u15q86/Documents/git/SNES-FPGA-IO/direct-io/direct-io.srcs/constrs_1/imports/constrs/Arty-Z7-20-Master.xdc:136]
Resolution: If [get_<value>] was used to populate the object, check to make sure this command returns at least one valid object.
WARNING: [Vivado 12-584] No ports matched 'vaux13_n'. [C:/Users/u15q86/Documents/git/SNES-FPGA-IO/direct-io/direct-io.srcs/constrs_1/imports/constrs/Arty-Z7-20-Master.xdc:137]
CRITICAL WARNING: [Common 17-55] 'set_property' expects at least one object. [C:/Users/u15q86/Documents/git/SNES-FPGA-IO/direct-io/direct-io.srcs/constrs_1/imports/constrs/Arty-Z7-20-Master.xdc:137]
Resolution: If [get_<value>] was used to populate the object, check to make sure this command returns at least one valid object.
WARNING: [Vivado 12-584] No ports matched 'vaux13_p'. [C:/Users/u15q86/Documents/git/SNES-FPGA-IO/direct-io/direct-io.srcs/constrs_1/imports/constrs/Arty-Z7-20-Master.xdc:138]
CRITICAL WARNING: [Common 17-55] 'set_property' expects at least one object. [C:/Users/u15q86/Documents/git/SNES-FPGA-IO/direct-io/direct-io.srcs/constrs_1/imports/constrs/Arty-Z7-20-Master.xdc:138]
Resolution: If [get_<value>] was used to populate the object, check to make sure this command returns at least one valid object.
WARNING: [Vivado 12-584] No ports matched 'ck_a0'. [C:/Users/u15q86/Documents/git/SNES-FPGA-IO/direct-io/direct-io.srcs/constrs_1/imports/constrs/Arty-Z7-20-Master.xdc:141]
CRITICAL WARNING: [Common 17-55] 'set_property' expects at least one object. [C:/Users/u15q86/Documents/git/SNES-FPGA-IO/direct-io/direct-io.srcs/constrs_1/imports/constrs/Arty-Z7-20-Master.xdc:141]
Resolution: If [get_<value>] was used to populate the object, check to make sure this command returns at least one valid object.
WARNING: [Vivado 12-584] No ports matched 'ck_a1'. [C:/Users/u15q86/Documents/git/SNES-FPGA-IO/direct-io/direct-io.srcs/constrs_1/imports/constrs/Arty-Z7-20-Master.xdc:142]
CRITICAL WARNING: [Common 17-55] 'set_property' expects at least one object. [C:/Users/u15q86/Documents/git/SNES-FPGA-IO/direct-io/direct-io.srcs/constrs_1/imports/constrs/Arty-Z7-20-Master.xdc:142]
Resolution: If [get_<value>] was used to populate the object, check to make sure this command returns at least one valid object.
WARNING: [Vivado 12-584] No ports matched 'ck_a2'. [C:/Users/u15q86/Documents/git/SNES-FPGA-IO/direct-io/direct-io.srcs/constrs_1/imports/constrs/Arty-Z7-20-Master.xdc:143]
CRITICAL WARNING: [Common 17-55] 'set_property' expects at least one object. [C:/Users/u15q86/Documents/git/SNES-FPGA-IO/direct-io/direct-io.srcs/constrs_1/imports/constrs/Arty-Z7-20-Master.xdc:143]
Resolution: If [get_<value>] was used to populate the object, check to make sure this command returns at least one valid object.
WARNING: [Vivado 12-584] No ports matched 'ck_a3'. [C:/Users/u15q86/Documents/git/SNES-FPGA-IO/direct-io/direct-io.srcs/constrs_1/imports/constrs/Arty-Z7-20-Master.xdc:144]
CRITICAL WARNING: [Common 17-55] 'set_property' expects at least one object. [C:/Users/u15q86/Documents/git/SNES-FPGA-IO/direct-io/direct-io.srcs/constrs_1/imports/constrs/Arty-Z7-20-Master.xdc:144]
Resolution: If [get_<value>] was used to populate the object, check to make sure this command returns at least one valid object.
WARNING: [Vivado 12-584] No ports matched 'ck_a4'. [C:/Users/u15q86/Documents/git/SNES-FPGA-IO/direct-io/direct-io.srcs/constrs_1/imports/constrs/Arty-Z7-20-Master.xdc:145]
CRITICAL WARNING: [Common 17-55] 'set_property' expects at least one object. [C:/Users/u15q86/Documents/git/SNES-FPGA-IO/direct-io/direct-io.srcs/constrs_1/imports/constrs/Arty-Z7-20-Master.xdc:145]
Resolution: If [get_<value>] was used to populate the object, check to make sure this command returns at least one valid object.
WARNING: [Vivado 12-584] No ports matched 'ck_a5'. [C:/Users/u15q86/Documents/git/SNES-FPGA-IO/direct-io/direct-io.srcs/constrs_1/imports/constrs/Arty-Z7-20-Master.xdc:146]
CRITICAL WARNING: [Common 17-55] 'set_property' expects at least one object. [C:/Users/u15q86/Documents/git/SNES-FPGA-IO/direct-io/direct-io.srcs/constrs_1/imports/constrs/Arty-Z7-20-Master.xdc:146]
Resolution: If [get_<value>] was used to populate the object, check to make sure this command returns at least one valid object.
WARNING: [Vivado 12-584] No ports matched 'vaux12_p'. [C:/Users/u15q86/Documents/git/SNES-FPGA-IO/direct-io/direct-io.srcs/constrs_1/imports/constrs/Arty-Z7-20-Master.xdc:152]
CRITICAL WARNING: [Common 17-55] 'set_property' expects at least one object. [C:/Users/u15q86/Documents/git/SNES-FPGA-IO/direct-io/direct-io.srcs/constrs_1/imports/constrs/Arty-Z7-20-Master.xdc:152]
Resolution: If [get_<value>] was used to populate the object, check to make sure this command returns at least one valid object.
WARNING: [Vivado 12-584] No ports matched 'vaux12_n'. [C:/Users/u15q86/Documents/git/SNES-FPGA-IO/direct-io/direct-io.srcs/constrs_1/imports/constrs/Arty-Z7-20-Master.xdc:153]
CRITICAL WARNING: [Common 17-55] 'set_property' expects at least one object. [C:/Users/u15q86/Documents/git/SNES-FPGA-IO/direct-io/direct-io.srcs/constrs_1/imports/constrs/Arty-Z7-20-Master.xdc:153]
Resolution: If [get_<value>] was used to populate the object, check to make sure this command returns at least one valid object.
WARNING: [Vivado 12-584] No ports matched 'vaux0_p'. [C:/Users/u15q86/Documents/git/SNES-FPGA-IO/direct-io/direct-io.srcs/constrs_1/imports/constrs/Arty-Z7-20-Master.xdc:154]
CRITICAL WARNING: [Common 17-55] 'set_property' expects at least one object. [C:/Users/u15q86/Documents/git/SNES-FPGA-IO/direct-io/direct-io.srcs/constrs_1/imports/constrs/Arty-Z7-20-Master.xdc:154]
Resolution: If [get_<value>] was used to populate the object, check to make sure this command returns at least one valid object.
WARNING: [Vivado 12-584] No ports matched 'vaux0_n'. [C:/Users/u15q86/Documents/git/SNES-FPGA-IO/direct-io/direct-io.srcs/constrs_1/imports/constrs/Arty-Z7-20-Master.xdc:155]
CRITICAL WARNING: [Common 17-55] 'set_property' expects at least one object. [C:/Users/u15q86/Documents/git/SNES-FPGA-IO/direct-io/direct-io.srcs/constrs_1/imports/constrs/Arty-Z7-20-Master.xdc:155]
Resolution: If [get_<value>] was used to populate the object, check to make sure this command returns at least one valid object.
WARNING: [Vivado 12-584] No ports matched 'vaux8_p'. [C:/Users/u15q86/Documents/git/SNES-FPGA-IO/direct-io/direct-io.srcs/constrs_1/imports/constrs/Arty-Z7-20-Master.xdc:156]
CRITICAL WARNING: [Common 17-55] 'set_property' expects at least one object. [C:/Users/u15q86/Documents/git/SNES-FPGA-IO/direct-io/direct-io.srcs/constrs_1/imports/constrs/Arty-Z7-20-Master.xdc:156]
Resolution: If [get_<value>] was used to populate the object, check to make sure this command returns at least one valid object.
WARNING: [Vivado 12-584] No ports matched 'vaux8_n'. [C:/Users/u15q86/Documents/git/SNES-FPGA-IO/direct-io/direct-io.srcs/constrs_1/imports/constrs/Arty-Z7-20-Master.xdc:157]
CRITICAL WARNING: [Common 17-55] 'set_property' expects at least one object. [C:/Users/u15q86/Documents/git/SNES-FPGA-IO/direct-io/direct-io.srcs/constrs_1/imports/constrs/Arty-Z7-20-Master.xdc:157]
Resolution: If [get_<value>] was used to populate the object, check to make sure this command returns at least one valid object.
WARNING: [Vivado 12-584] No ports matched 'ck_a6'. [C:/Users/u15q86/Documents/git/SNES-FPGA-IO/direct-io/direct-io.srcs/constrs_1/imports/constrs/Arty-Z7-20-Master.xdc:160]
CRITICAL WARNING: [Common 17-55] 'set_property' expects at least one object. [C:/Users/u15q86/Documents/git/SNES-FPGA-IO/direct-io/direct-io.srcs/constrs_1/imports/constrs/Arty-Z7-20-Master.xdc:160]
Resolution: If [get_<value>] was used to populate the object, check to make sure this command returns at least one valid object.
WARNING: [Vivado 12-584] No ports matched 'ck_a7'. [C:/Users/u15q86/Documents/git/SNES-FPGA-IO/direct-io/direct-io.srcs/constrs_1/imports/constrs/Arty-Z7-20-Master.xdc:161]
CRITICAL WARNING: [Common 17-55] 'set_property' expects at least one object. [C:/Users/u15q86/Documents/git/SNES-FPGA-IO/direct-io/direct-io.srcs/constrs_1/imports/constrs/Arty-Z7-20-Master.xdc:161]
Resolution: If [get_<value>] was used to populate the object, check to make sure this command returns at least one valid object.
WARNING: [Vivado 12-584] No ports matched 'ck_a8'. [C:/Users/u15q86/Documents/git/SNES-FPGA-IO/direct-io/direct-io.srcs/constrs_1/imports/constrs/Arty-Z7-20-Master.xdc:162]
CRITICAL WARNING: [Common 17-55] 'set_property' expects at least one object. [C:/Users/u15q86/Documents/git/SNES-FPGA-IO/direct-io/direct-io.srcs/constrs_1/imports/constrs/Arty-Z7-20-Master.xdc:162]
Resolution: If [get_<value>] was used to populate the object, check to make sure this command returns at least one valid object.
WARNING: [Vivado 12-584] No ports matched 'ck_a9'. [C:/Users/u15q86/Documents/git/SNES-FPGA-IO/direct-io/direct-io.srcs/constrs_1/imports/constrs/Arty-Z7-20-Master.xdc:163]
CRITICAL WARNING: [Common 17-55] 'set_property' expects at least one object. [C:/Users/u15q86/Documents/git/SNES-FPGA-IO/direct-io/direct-io.srcs/constrs_1/imports/constrs/Arty-Z7-20-Master.xdc:163]
Resolution: If [get_<value>] was used to populate the object, check to make sure this command returns at least one valid object.
WARNING: [Vivado 12-584] No ports matched 'ck_a10'. [C:/Users/u15q86/Documents/git/SNES-FPGA-IO/direct-io/direct-io.srcs/constrs_1/imports/constrs/Arty-Z7-20-Master.xdc:164]
CRITICAL WARNING: [Common 17-55] 'set_property' expects at least one object. [C:/Users/u15q86/Documents/git/SNES-FPGA-IO/direct-io/direct-io.srcs/constrs_1/imports/constrs/Arty-Z7-20-Master.xdc:164]
Resolution: If [get_<value>] was used to populate the object, check to make sure this command returns at least one valid object.
WARNING: [Vivado 12-584] No ports matched 'ck_a11'. [C:/Users/u15q86/Documents/git/SNES-FPGA-IO/direct-io/direct-io.srcs/constrs_1/imports/constrs/Arty-Z7-20-Master.xdc:165]
CRITICAL WARNING: [Common 17-55] 'set_property' expects at least one object. [C:/Users/u15q86/Documents/git/SNES-FPGA-IO/direct-io/direct-io.srcs/constrs_1/imports/constrs/Arty-Z7-20-Master.xdc:165]
Resolution: If [get_<value>] was used to populate the object, check to make sure this command returns at least one valid object.
WARNING: [Vivado 12-584] No ports matched 'ck_miso'. [C:/Users/u15q86/Documents/git/SNES-FPGA-IO/direct-io/direct-io.srcs/constrs_1/imports/constrs/Arty-Z7-20-Master.xdc:169]
CRITICAL WARNING: [Common 17-55] 'set_property' expects at least one object. [C:/Users/u15q86/Documents/git/SNES-FPGA-IO/direct-io/direct-io.srcs/constrs_1/imports/constrs/Arty-Z7-20-Master.xdc:169]
Resolution: If [get_<value>] was used to populate the object, check to make sure this command returns at least one valid object.
WARNING: [Vivado 12-584] No ports matched 'ck_mosi'. [C:/Users/u15q86/Documents/git/SNES-FPGA-IO/direct-io/direct-io.srcs/constrs_1/imports/constrs/Arty-Z7-20-Master.xdc:170]
CRITICAL WARNING: [Common 17-55] 'set_property' expects at least one object. [C:/Users/u15q86/Documents/git/SNES-FPGA-IO/direct-io/direct-io.srcs/constrs_1/imports/constrs/Arty-Z7-20-Master.xdc:170]
Resolution: If [get_<value>] was used to populate the object, check to make sure this command returns at least one valid object.
WARNING: [Vivado 12-584] No ports matched 'ck_sck'. [C:/Users/u15q86/Documents/git/SNES-FPGA-IO/direct-io/direct-io.srcs/constrs_1/imports/constrs/Arty-Z7-20-Master.xdc:171]
CRITICAL WARNING: [Common 17-55] 'set_property' expects at least one object. [C:/Users/u15q86/Documents/git/SNES-FPGA-IO/direct-io/direct-io.srcs/constrs_1/imports/constrs/Arty-Z7-20-Master.xdc:171]
Resolution: If [get_<value>] was used to populate the object, check to make sure this command returns at least one valid object.
WARNING: [Vivado 12-584] No ports matched 'ck_ss'. [C:/Users/u15q86/Documents/git/SNES-FPGA-IO/direct-io/direct-io.srcs/constrs_1/imports/constrs/Arty-Z7-20-Master.xdc:172]
CRITICAL WARNING: [Common 17-55] 'set_property' expects at least one object. [C:/Users/u15q86/Documents/git/SNES-FPGA-IO/direct-io/direct-io.srcs/constrs_1/imports/constrs/Arty-Z7-20-Master.xdc:172]
Resolution: If [get_<value>] was used to populate the object, check to make sure this command returns at least one valid object.
WARNING: [Vivado 12-584] No ports matched 'ck_scl'. [C:/Users/u15q86/Documents/git/SNES-FPGA-IO/direct-io/direct-io.srcs/constrs_1/imports/constrs/Arty-Z7-20-Master.xdc:175]
CRITICAL WARNING: [Common 17-55] 'set_property' expects at least one object. [C:/Users/u15q86/Documents/git/SNES-FPGA-IO/direct-io/direct-io.srcs/constrs_1/imports/constrs/Arty-Z7-20-Master.xdc:175]
Resolution: If [get_<value>] was used to populate the object, check to make sure this command returns at least one valid object.
WARNING: [Vivado 12-584] No ports matched 'ck_sda'. [C:/Users/u15q86/Documents/git/SNES-FPGA-IO/direct-io/direct-io.srcs/constrs_1/imports/constrs/Arty-Z7-20-Master.xdc:176]
CRITICAL WARNING: [Common 17-55] 'set_property' expects at least one object. [C:/Users/u15q86/Documents/git/SNES-FPGA-IO/direct-io/direct-io.srcs/constrs_1/imports/constrs/Arty-Z7-20-Master.xdc:176]
Resolution: If [get_<value>] was used to populate the object, check to make sure this command returns at least one valid object.
WARNING: [Vivado 12-584] No ports matched 'ck_ioa'. [C:/Users/u15q86/Documents/git/SNES-FPGA-IO/direct-io/direct-io.srcs/constrs_1/imports/constrs/Arty-Z7-20-Master.xdc:179]
CRITICAL WARNING: [Common 17-55] 'set_property' expects at least one object. [C:/Users/u15q86/Documents/git/SNES-FPGA-IO/direct-io/direct-io.srcs/constrs_1/imports/constrs/Arty-Z7-20-Master.xdc:179]
Resolution: If [get_<value>] was used to populate the object, check to make sure this command returns at least one valid object.
WARNING: [Vivado 12-584] No ports matched 'netic20_f17'. [C:/Users/u15q86/Documents/git/SNES-FPGA-IO/direct-io/direct-io.srcs/constrs_1/imports/constrs/Arty-Z7-20-Master.xdc:182]
CRITICAL WARNING: [Common 17-55] 'set_property' expects at least one object. [C:/Users/u15q86/Documents/git/SNES-FPGA-IO/direct-io/direct-io.srcs/constrs_1/imports/constrs/Arty-Z7-20-Master.xdc:182]
Resolution: If [get_<value>] was used to populate the object, check to make sure this command returns at least one valid object.
WARNING: [Vivado 12-584] No ports matched 'netic20_g18'. [C:/Users/u15q86/Documents/git/SNES-FPGA-IO/direct-io/direct-io.srcs/constrs_1/imports/constrs/Arty-Z7-20-Master.xdc:183]
CRITICAL WARNING: [Common 17-55] 'set_property' expects at least one object. [C:/Users/u15q86/Documents/git/SNES-FPGA-IO/direct-io/direct-io.srcs/constrs_1/imports/constrs/Arty-Z7-20-Master.xdc:183]
Resolution: If [get_<value>] was used to populate the object, check to make sure this command returns at least one valid object.
WARNING: [Vivado 12-584] No ports matched 'netic20_t9'. [C:/Users/u15q86/Documents/git/SNES-FPGA-IO/direct-io/direct-io.srcs/constrs_1/imports/constrs/Arty-Z7-20-Master.xdc:184]
CRITICAL WARNING: [Common 17-55] 'set_property' expects at least one object. [C:/Users/u15q86/Documents/git/SNES-FPGA-IO/direct-io/direct-io.srcs/constrs_1/imports/constrs/Arty-Z7-20-Master.xdc:184]
Resolution: If [get_<value>] was used to populate the object, check to make sure this command returns at least one valid object.
WARNING: [Vivado 12-584] No ports matched 'netic20_u9'. [C:/Users/u15q86/Documents/git/SNES-FPGA-IO/direct-io/direct-io.srcs/constrs_1/imports/constrs/Arty-Z7-20-Master.xdc:185]
CRITICAL WARNING: [Common 17-55] 'set_property' expects at least one object. [C:/Users/u15q86/Documents/git/SNES-FPGA-IO/direct-io/direct-io.srcs/constrs_1/imports/constrs/Arty-Z7-20-Master.xdc:185]
Resolution: If [get_<value>] was used to populate the object, check to make sure this command returns at least one valid object.
Finished Parsing XDC File [C:/Users/u15q86/Documents/git/SNES-FPGA-IO/direct-io/direct-io.srcs/constrs_1/imports/constrs/Arty-Z7-20-Master.xdc]
INFO: [Opt 31-138] Pushed 0 inverter(s) to 0 load pin(s).
Netlist sorting complete. Time (s): cpu = 00:00:00 ; elapsed = 00:00:00 . Memory (MB): peak = 1108.250 ; gain = 0.000
INFO: [Project 1-111] Unisim Transformation Summary:
No Unisim elements were transformed.

6 Infos, 95 Warnings, 95 Critical Warnings and 0 Errors encountered.
link_design completed successfully
link_design: Time (s): cpu = 00:00:06 ; elapsed = 00:00:07 . Memory (MB): peak = 1112.309 ; gain = 555.602
Command: opt_design
Attempting to get a license for feature 'Implementation' and/or device 'xc7z020'
INFO: [Common 17-349] Got license for feature 'Implementation' and/or device 'xc7z020'
Running DRC as a precondition to command opt_design

Starting DRC Task
INFO: [DRC 23-27] Running DRC with 2 threads
INFO: [Project 1-461] DRC finished with 0 Errors, 5 Warnings
INFO: [Project 1-462] Please refer to the DRC report (report_drc) for more information.

Time (s): cpu = 00:00:00 ; elapsed = 00:00:00.591 . Memory (MB): peak = 1125.246 ; gain = 12.938

Starting Cache Timing Information Task
INFO: [Timing 38-35] Done setting XDC timing constraints.
Ending Cache Timing Information Task | Checksum: 123270a29

Time (s): cpu = 00:00:06 ; elapsed = 00:00:06 . Memory (MB): peak = 1658.203 ; gain = 532.957

Starting Logic Optimization Task

Phase 1 Initialization

Phase 1.1 Core Generation And Design Setup
Phase 1.1 Core Generation And Design Setup | Checksum: 123270a29

Time (s): cpu = 00:00:00 ; elapsed = 00:00:00.002 . Memory (MB): peak = 2034.871 ; gain = 0.000

Phase 1.2 Setup Constraints And Sort Netlist
Phase 1.2 Setup Constraints And Sort Netlist | Checksum: 123270a29

Time (s): cpu = 00:00:00 ; elapsed = 00:00:00.005 . Memory (MB): peak = 2034.871 ; gain = 0.000
Phase 1 Initialization | Checksum: 123270a29

Time (s): cpu = 00:00:00 ; elapsed = 00:00:00.005 . Memory (MB): peak = 2034.871 ; gain = 0.000

Phase 2 Timer Update And Timing Data Collection

Phase 2.1 Timer Update
Phase 2.1 Timer Update | Checksum: 123270a29

Time (s): cpu = 00:00:00 ; elapsed = 00:00:00.008 . Memory (MB): peak = 2034.871 ; gain = 0.000

Phase 2.2 Timing Data Collection
Phase 2.2 Timing Data Collection | Checksum: 123270a29

Time (s): cpu = 00:00:00 ; elapsed = 00:00:00.013 . Memory (MB): peak = 2034.871 ; gain = 0.000
Phase 2 Timer Update And Timing Data Collection | Checksum: 123270a29

Time (s): cpu = 00:00:00 ; elapsed = 00:00:00.013 . Memory (MB): peak = 2034.871 ; gain = 0.000

Phase 3 Retarget
INFO: [Opt 31-1834] Total Chains To Be Transformed Were: 0 AND Number of Transformed insts Created are: 0
INFO: [Opt 31-138] Pushed 0 inverter(s) to 0 load pin(s).
INFO: [Opt 31-49] Retargeted 0 cell(s).
Phase 3 Retarget | Checksum: 123270a29

Time (s): cpu = 00:00:00 ; elapsed = 00:00:00.018 . Memory (MB): peak = 2034.871 ; gain = 0.000
Retarget | Checksum: 123270a29
INFO: [Opt 31-389] Phase Retarget created 0 cells and removed 0 cells

Phase 4 Constant propagation
INFO: [Opt 31-138] Pushed 0 inverter(s) to 0 load pin(s).
Phase 4 Constant propagation | Checksum: 123270a29

Time (s): cpu = 00:00:00 ; elapsed = 00:00:00.020 . Memory (MB): peak = 2034.871 ; gain = 0.000
Constant propagation | Checksum: 123270a29
INFO: [Opt 31-389] Phase Constant propagation created 0 cells and removed 0 cells

Phase 5 Sweep
Phase 5 Sweep | Checksum: 123270a29

Time (s): cpu = 00:00:00 ; elapsed = 00:00:00.021 . Memory (MB): peak = 2034.871 ; gain = 0.000
Sweep | Checksum: 123270a29
INFO: [Opt 31-389] Phase Sweep created 0 cells and removed 0 cells

Phase 6 BUFG optimization
Phase 6 BUFG optimization | Checksum: 123270a29

Time (s): cpu = 00:00:00 ; elapsed = 00:00:00.060 . Memory (MB): peak = 2034.871 ; gain = 0.000
BUFG optimization | Checksum: 123270a29
INFO: [Opt 31-662] Phase BUFG optimization created 0 cells of which 0 are BUFGs and removed 0 cells.

Phase 7 Shift Register Optimization
INFO: [Opt 31-1064] SRL Remap converted 0 SRLs to 0 registers and converted 0 registers of register chains to 0 SRLs
Phase 7 Shift Register Optimization | Checksum: 123270a29

Time (s): cpu = 00:00:00 ; elapsed = 00:00:00.061 . Memory (MB): peak = 2034.871 ; gain = 0.000
Shift Register Optimization | Checksum: 123270a29
INFO: [Opt 31-389] Phase Shift Register Optimization created 0 cells and removed 0 cells

Phase 8 Post Processing Netlist
Phase 8 Post Processing Netlist | Checksum: 123270a29

Time (s): cpu = 00:00:00 ; elapsed = 00:00:00.062 . Memory (MB): peak = 2034.871 ; gain = 0.000
Post Processing Netlist | Checksum: 123270a29
INFO: [Opt 31-389] Phase Post Processing Netlist created 0 cells and removed 0 cells

Phase 9 Finalization

Phase 9.1 Finalizing Design Cores and Updating Shapes
Phase 9.1 Finalizing Design Cores and Updating Shapes | Checksum: 123270a29

Time (s): cpu = 00:00:00 ; elapsed = 00:00:00.063 . Memory (MB): peak = 2034.871 ; gain = 0.000

Phase 9.2 Verifying Netlist Connectivity

Starting Connectivity Check Task

Time (s): cpu = 00:00:00 ; elapsed = 00:00:00 . Memory (MB): peak = 2034.871 ; gain = 0.000
Phase 9.2 Verifying Netlist Connectivity | Checksum: 123270a29

Time (s): cpu = 00:00:00 ; elapsed = 00:00:00.063 . Memory (MB): peak = 2034.871 ; gain = 0.000
Phase 9 Finalization | Checksum: 123270a29

Time (s): cpu = 00:00:00 ; elapsed = 00:00:00.064 . Memory (MB): peak = 2034.871 ; gain = 0.000
Opt_design Change Summary
=========================


-------------------------------------------------------------------------------------------------------------------------
|  Phase                        |  #Cells created  |  #Cells Removed  |  #Constrained objects preventing optimizations  |
-------------------------------------------------------------------------------------------------------------------------
|  Retarget                     |               0  |               0  |                                              0  |
|  Constant propagation         |               0  |               0  |                                              0  |
|  Sweep                        |               0  |               0  |                                              0  |
|  BUFG optimization            |               0  |               0  |                                              0  |
|  Shift Register Optimization  |               0  |               0  |                                              0  |
|  Post Processing Netlist      |               0  |               0  |                                              0  |
-------------------------------------------------------------------------------------------------------------------------


Ending Logic Optimization Task | Checksum: 123270a29

Time (s): cpu = 00:00:00 ; elapsed = 00:00:00.065 . Memory (MB): peak = 2034.871 ; gain = 0.000

Starting Power Optimization Task
INFO: [Pwropt 34-132] Skipping clock gating for clocks with a period < 2.00 ns.
Ending Power Optimization Task | Checksum: 123270a29

Time (s): cpu = 00:00:00 ; elapsed = 00:00:00.008 . Memory (MB): peak = 2034.871 ; gain = 0.000

Starting Final Cleanup Task
Ending Final Cleanup Task | Checksum: 123270a29

Time (s): cpu = 00:00:00 ; elapsed = 00:00:00 . Memory (MB): peak = 2034.871 ; gain = 0.000

Starting Netlist Obfuscation Task
Netlist sorting complete. Time (s): cpu = 00:00:00 ; elapsed = 00:00:00 . Memory (MB): peak = 2034.871 ; gain = 0.000
Ending Netlist Obfuscation Task | Checksum: 123270a29

Time (s): cpu = 00:00:00 ; elapsed = 00:00:00 . Memory (MB): peak = 2034.871 ; gain = 0.000
INFO: [Common 17-83] Releasing license: Implementation
24 Infos, 95 Warnings, 95 Critical Warnings and 0 Errors encountered.
opt_design completed successfully
opt_design: Time (s): cpu = 00:00:10 ; elapsed = 00:00:10 . Memory (MB): peak = 2034.871 ; gain = 922.562
INFO: [Vivado 12-24828] Executing command : report_drc -file direct_io_top_drc_opted.rpt -pb direct_io_top_drc_opted.pb -rpx direct_io_top_drc_opted.rpx
Command: report_drc -file direct_io_top_drc_opted.rpt -pb direct_io_top_drc_opted.pb -rpx direct_io_top_drc_opted.rpx
INFO: [IP_Flow 19-234] Refreshing IP repositories
INFO: [IP_Flow 19-1704] No user IP repositories specified
INFO: [IP_Flow 19-2313] Loaded Vivado IP repository 'C:/Xilinx/Vivado/2024.1/data/ip'.
INFO: [DRC 23-27] Running DRC with 2 threads
INFO: [Vivado_Tcl 2-168] The results of DRC are in file C:/Users/u15q86/Documents/git/SNES-FPGA-IO/direct-io/direct-io.runs/impl_1/direct_io_top_drc_opted.rpt.
report_drc completed successfully
INFO: [Timing 38-480] Writing timing data to binary archive.
Write ShapeDB Complete: Time (s): cpu = 00:00:00 ; elapsed = 00:00:00.001 . Memory (MB): peak = 2034.871 ; gain = 0.000
Wrote PlaceDB: Time (s): cpu = 00:00:00 ; elapsed = 00:00:00.002 . Memory (MB): peak = 2034.871 ; gain = 0.000
Wrote PulsedLatchDB: Time (s): cpu = 00:00:00 ; elapsed = 00:00:00 . Memory (MB): peak = 2034.871 ; gain = 0.000
Writing XDEF routing.
Writing XDEF routing logical nets.
Writing XDEF routing special nets.
Wrote RouteStorage: Time (s): cpu = 00:00:00 ; elapsed = 00:00:00.086 . Memory (MB): peak = 2034.871 ; gain = 0.000
Wrote Netlist Cache: Time (s): cpu = 00:00:00 ; elapsed = 00:00:00 . Memory (MB): peak = 2034.871 ; gain = 0.000
Wrote Device Cache: Time (s): cpu = 00:00:00 ; elapsed = 00:00:00.010 . Memory (MB): peak = 2034.871 ; gain = 0.000
Write Physdb Complete: Time (s): cpu = 00:00:00 ; elapsed = 00:00:00.111 . Memory (MB): peak = 2034.871 ; gain = 0.000
INFO: [Common 17-1381] The checkpoint 'C:/Users/u15q86/Documents/git/SNES-FPGA-IO/direct-io/direct-io.runs/impl_1/direct_io_top_opt.dcp' has been generated.
Command: place_design
Attempting to get a license for feature 'Implementation' and/or device 'xc7z020'
INFO: [Common 17-349] Got license for feature 'Implementation' and/or device 'xc7z020'
INFO: [Common 17-83] Releasing license: Implementation
INFO: [DRC 23-27] Running DRC with 2 threads
INFO: [Vivado_Tcl 4-198] DRC finished with 0 Errors
INFO: [Vivado_Tcl 4-199] Please refer to the DRC report (report_drc) for more information.
Running DRC as a precondition to command place_design
INFO: [DRC 23-27] Running DRC with 2 threads
INFO: [Vivado_Tcl 4-198] DRC finished with 0 Errors, 5 Warnings
INFO: [Vivado_Tcl 4-199] Please refer to the DRC report (report_drc) for more information.
INFO: [Place 30-611] Multithreading enabled for place_design using a maximum of 2 CPUs

Starting Placer Task

Phase 1 Placer Initialization

Phase 1.1 Placer Initialization Netlist Sorting
Netlist sorting complete. Time (s): cpu = 00:00:00 ; elapsed = 00:00:00 . Memory (MB): peak = 2034.871 ; gain = 0.000
Phase 1.1 Placer Initialization Netlist Sorting | Checksum: 111c68c02

Time (s): cpu = 00:00:00 ; elapsed = 00:00:00.003 . Memory (MB): peak = 2034.871 ; gain = 0.000
Netlist sorting complete. Time (s): cpu = 00:00:00 ; elapsed = 00:00:00 . Memory (MB): peak = 2034.871 ; gain = 0.000

Phase 1.2 IO Placement/ Clock Placement/ Build Placer Device
INFO: [Timing 38-35] Done setting XDC timing constraints.
Phase 1.2 IO Placement/ Clock Placement/ Build Placer Device | Checksum: 111c68c02

Time (s): cpu = 00:00:00 ; elapsed = 00:00:00.141 . Memory (MB): peak = 2034.871 ; gain = 0.000

Phase 1.3 Build Placer Netlist Model
Phase 1.3 Build Placer Netlist Model | Checksum: 206ae176c

Time (s): cpu = 00:00:00 ; elapsed = 00:00:00.154 . Memory (MB): peak = 2034.871 ; gain = 0.000

Phase 1.4 Constrain Clocks/Macros
Phase 1.4 Constrain Clocks/Macros | Checksum: 206ae176c

Time (s): cpu = 00:00:00 ; elapsed = 00:00:00.154 . Memory (MB): peak = 2034.871 ; gain = 0.000
Phase 1 Placer Initialization | Checksum: 206ae176c

Time (s): cpu = 00:00:00 ; elapsed = 00:00:00.154 . Memory (MB): peak = 2034.871 ; gain = 0.000

Phase 2 Final Placement Cleanup
Netlist sorting complete. Time (s): cpu = 00:00:00 ; elapsed = 00:00:00 . Memory (MB): peak = 2034.871 ; gain = 0.000

Time (s): cpu = 00:00:00 ; elapsed = 00:00:00.155 . Memory (MB): peak = 2034.871 ; gain = 0.000
INFO: [Place 30-281] No place-able instance is found; design doesn't contain any instance or all instances are placed
Ending Placer Task | Checksum: 111c68c02

Time (s): cpu = 00:00:00 ; elapsed = 00:00:00.156 . Memory (MB): peak = 2034.871 ; gain = 0.000
43 Infos, 95 Warnings, 95 Critical Warnings and 0 Errors encountered.
place_design completed successfully
INFO: [Vivado 12-24838] Running report commands "report_control_sets, report_io, report_utilization" in parallel.
Running report generation with 2 threads.
INFO: [Vivado 12-24828] Executing command : report_utilization -file direct_io_top_utilization_placed.rpt -pb direct_io_top_utilization_placed.pb
INFO: [Vivado 12-24828] Executing command : report_control_sets -verbose -file direct_io_top_control_sets_placed.rpt
report_control_sets: Time (s): cpu = 00:00:00 ; elapsed = 00:00:00.002 . Memory (MB): peak = 2034.871 ; gain = 0.000
INFO: [Vivado 12-24828] Executing command : report_io -file direct_io_top_io_placed.rpt
report_io: Time (s): cpu = 00:00:00 ; elapsed = 00:00:00.066 . Memory (MB): peak = 2034.871 ; gain = 0.000
Write ShapeDB Complete: Time (s): cpu = 00:00:00 ; elapsed = 00:00:00.001 . Memory (MB): peak = 2034.871 ; gain = 0.000
INFO: [Timing 38-480] Writing timing data to binary archive.
Wrote PlaceDB: Time (s): cpu = 00:00:00 ; elapsed = 00:00:00.002 . Memory (MB): peak = 2034.871 ; gain = 0.000
Wrote PulsedLatchDB: Time (s): cpu = 00:00:00 ; elapsed = 00:00:00.001 . Memory (MB): peak = 2034.871 ; gain = 0.000
Writing XDEF routing.
Writing XDEF routing logical nets.
Writing XDEF routing special nets.
Wrote RouteStorage: Time (s): cpu = 00:00:00 ; elapsed = 00:00:00.030 . Memory (MB): peak = 2034.871 ; gain = 0.000
Wrote Netlist Cache: Time (s): cpu = 00:00:00 ; elapsed = 00:00:00 . Memory (MB): peak = 2034.871 ; gain = 0.000
Wrote Device Cache: Time (s): cpu = 00:00:00 ; elapsed = 00:00:00.011 . Memory (MB): peak = 2034.871 ; gain = 0.000
Write Physdb Complete: Time (s): cpu = 00:00:01 ; elapsed = 00:00:00.054 . Memory (MB): peak = 2034.871 ; gain = 0.000
INFO: [Common 17-1381] The checkpoint 'C:/Users/u15q86/Documents/git/SNES-FPGA-IO/direct-io/direct-io.runs/impl_1/direct_io_top_placed.dcp' has been generated.
Command: phys_opt_design
Attempting to get a license for feature 'Implementation' and/or device 'xc7z020'
INFO: [Common 17-349] Got license for feature 'Implementation' and/or device 'xc7z020'

Starting Initial Update Timing Task

Time (s): cpu = 00:00:00 ; elapsed = 00:00:00.008 . Memory (MB): peak = 2034.871 ; gain = 0.000
INFO: [Vivado_Tcl 4-235] No timing constraint found. The netlist was not modified.
INFO: [Common 17-83] Releasing license: Implementation
52 Infos, 95 Warnings, 95 Critical Warnings and 0 Errors encountered.
phys_opt_design completed successfully
Write ShapeDB Complete: Time (s): cpu = 00:00:00 ; elapsed = 00:00:00.001 . Memory (MB): peak = 2042.641 ; gain = 0.000
INFO: [Timing 38-480] Writing timing data to binary archive.
Wrote PlaceDB: Time (s): cpu = 00:00:00 ; elapsed = 00:00:00.002 . Memory (MB): peak = 2042.641 ; gain = 0.000
Wrote PulsedLatchDB: Time (s): cpu = 00:00:00 ; elapsed = 00:00:00 . Memory (MB): peak = 2042.641 ; gain = 0.000
Writing XDEF routing.
Writing XDEF routing logical nets.
Writing XDEF routing special nets.
Wrote RouteStorage: Time (s): cpu = 00:00:00 ; elapsed = 00:00:00.030 . Memory (MB): peak = 2042.641 ; gain = 0.000
Wrote Netlist Cache: Time (s): cpu = 00:00:00 ; elapsed = 00:00:00 . Memory (MB): peak = 2042.641 ; gain = 0.000
Wrote Device Cache: Time (s): cpu = 00:00:00 ; elapsed = 00:00:00.010 . Memory (MB): peak = 2042.641 ; gain = 0.000
Write Physdb Complete: Time (s): cpu = 00:00:00 ; elapsed = 00:00:00.053 . Memory (MB): peak = 2042.641 ; gain = 0.000
INFO: [Common 17-1381] The checkpoint 'C:/Users/u15q86/Documents/git/SNES-FPGA-IO/direct-io/direct-io.runs/impl_1/direct_io_top_physopt.dcp' has been generated.
Command: route_design
Attempting to get a license for feature 'Implementation' and/or device 'xc7z020'
INFO: [Common 17-349] Got license for feature 'Implementation' and/or device 'xc7z020'
Running DRC as a precondition to command route_design
INFO: [DRC 23-27] Running DRC with 2 threads
INFO: [Vivado_Tcl 4-198] DRC finished with 0 Errors
INFO: [Vivado_Tcl 4-199] Please refer to the DRC report (report_drc) for more information.


Starting Routing Task
INFO: [Route 35-254] Multithreading enabled for route_design using a maximum of 8 CPUs

Phase 1 Build RT Design
Checksum: PlaceDB: 67b99a6c ConstDB: 0 ShapeSum: 94137ea6 RouteDB: 15f972f0
Post Restoration Checksum: NetGraph: 6529b179 | NumContArr: ebe1d4be | Constraints: c2a8fa9d | Timing: c2a8fa9d
Phase 1 Build RT Design | Checksum: 2d65d7b71

Time (s): cpu = 00:00:25 ; elapsed = 00:00:22 . Memory (MB): peak = 2145.039 ; gain = 90.934

Phase 2 Router Initialization
INFO: [Route 35-64] No timing constraints were detected. The router will operate in resource-optimization mode.

Phase 2.1 Fix Topology Constraints
Phase 2.1 Fix Topology Constraints | Checksum: 2d65d7b71

Time (s): cpu = 00:00:25 ; elapsed = 00:00:22 . Memory (MB): peak = 2176.160 ; gain = 122.055

Phase 2.2 Pre Route Cleanup
Phase 2.2 Pre Route Cleanup | Checksum: 2d65d7b71

Time (s): cpu = 00:00:25 ; elapsed = 00:00:22 . Memory (MB): peak = 2176.160 ; gain = 122.055

Router Utilization Summary
  Global Vertical Routing Utilization    = 0 %
  Global Horizontal Routing Utilization  = 0 %
  Routable Net Status*
  *Does not include unroutable nets such as driverless and loadless.
  Run report_route_status for detailed report.
  Number of Failed Nets               = 5
    (Failed Nets is the sum of unrouted and partially routed nets)
  Number of Unrouted Nets             = 5
  Number of Partially Routed Nets     = 0
  Number of Node Overlaps             = 0

Phase 2 Router Initialization | Checksum: 2d65d7b71

Time (s): cpu = 00:00:27 ; elapsed = 00:00:23 . Memory (MB): peak = 2251.551 ; gain = 197.445

Phase 3 Global Routing
Phase 3 Global Routing | Checksum: 2d65d7b71

Time (s): cpu = 00:00:27 ; elapsed = 00:00:23 . Memory (MB): peak = 2251.551 ; gain = 197.445

Phase 4 Initial Routing

Phase 4.1 Initial Net Routing Pass
 Number of Nodes with overlaps = 0
Phase 4.1 Initial Net Routing Pass | Checksum: 25d7f0061

Time (s): cpu = 00:00:27 ; elapsed = 00:00:23 . Memory (MB): peak = 2251.551 ; gain = 197.445
Phase 4 Initial Routing | Checksum: 25d7f0061

Time (s): cpu = 00:00:27 ; elapsed = 00:00:23 . Memory (MB): peak = 2251.551 ; gain = 197.445

Phase 5 Rip-up And Reroute

Phase 5.1 Global Iteration 0
Phase 5.1 Global Iteration 0 | Checksum: 25d7f0061

Time (s): cpu = 00:00:27 ; elapsed = 00:00:23 . Memory (MB): peak = 2251.551 ; gain = 197.445
Phase 5 Rip-up And Reroute | Checksum: 25d7f0061

Time (s): cpu = 00:00:27 ; elapsed = 00:00:23 . Memory (MB): peak = 2251.551 ; gain = 197.445

Phase 6 Delay and Skew Optimization
Phase 6 Delay and Skew Optimization | Checksum: 25d7f0061

Time (s): cpu = 00:00:27 ; elapsed = 00:00:23 . Memory (MB): peak = 2251.551 ; gain = 197.445

Phase 7 Post Hold Fix

Phase 7.1 Hold Fix Iter
Phase 7.1 Hold Fix Iter | Checksum: 25d7f0061

Time (s): cpu = 00:00:27 ; elapsed = 00:00:23 . Memory (MB): peak = 2251.551 ; gain = 197.445
Phase 7 Post Hold Fix | Checksum: 25d7f0061

Time (s): cpu = 00:00:27 ; elapsed = 00:00:23 . Memory (MB): peak = 2251.551 ; gain = 197.445

Phase 8 Route finalize

Router Utilization Summary
  Global Vertical Routing Utilization    = 0.0164647 %
  Global Horizontal Routing Utilization  = 0.0010142 %
  Routable Net Status*
  *Does not include unroutable nets such as driverless and loadless.
  Run report_route_status for detailed report.
  Number of Failed Nets               = 0
    (Failed Nets is the sum of unrouted and partially routed nets)
  Number of Unrouted Nets             = 0
  Number of Partially Routed Nets     = 0
  Number of Node Overlaps             = 0


--GLOBAL Congestion:
Utilization threshold used for congestion level computation: 0.85
Congestion Report
North Dir 1x1 Area, Max Cong = 16.2162%, No Congested Regions.
South Dir 1x1 Area, Max Cong = 16.2162%, No Congested Regions.
East Dir 1x1 Area, Max Cong = 2.94118%, No Congested Regions.
West Dir 1x1 Area, Max Cong = 0%, No Congested Regions.

------------------------------
Reporting congestion hotspots
------------------------------
Direction: North
----------------
Congested clusters found at Level 0
Effective congestion level: 0 Aspect Ratio: 1 Sparse Ratio: 0
Direction: South
----------------
Congested clusters found at Level 0
Effective congestion level: 0 Aspect Ratio: 1 Sparse Ratio: 0
Direction: East
----------------
Congested clusters found at Level 0
Effective congestion level: 0 Aspect Ratio: 1 Sparse Ratio: 0
Direction: West
----------------
Congested clusters found at Level 0
Effective congestion level: 0 Aspect Ratio: 1 Sparse Ratio: 0

Phase 8 Route finalize | Checksum: 25d7f0061

Time (s): cpu = 00:00:27 ; elapsed = 00:00:23 . Memory (MB): peak = 2251.551 ; gain = 197.445

Phase 9 Verifying routed nets

 Verification completed successfully
Phase 9 Verifying routed nets | Checksum: 25d7f0061

Time (s): cpu = 00:00:27 ; elapsed = 00:00:23 . Memory (MB): peak = 2251.551 ; gain = 197.445

Phase 10 Depositing Routes
Phase 10 Depositing Routes | Checksum: 25d7f0061

Time (s): cpu = 00:00:27 ; elapsed = 00:00:23 . Memory (MB): peak = 2251.551 ; gain = 197.445

Phase 11 Post Process Routing
Phase 11 Post Process Routing | Checksum: 25d7f0061

Time (s): cpu = 00:00:27 ; elapsed = 00:00:23 . Memory (MB): peak = 2251.551 ; gain = 197.445
Total Elapsed time in route_design: 22.847 secs

Phase 12 Post-Route Event Processing
Phase 12 Post-Route Event Processing | Checksum: 19d9d5c1b

Time (s): cpu = 00:00:27 ; elapsed = 00:00:23 . Memory (MB): peak = 2251.551 ; gain = 197.445
INFO: [Route 35-16] Router Completed Successfully
Ending Routing Task | Checksum: 19d9d5c1b

Time (s): cpu = 00:00:27 ; elapsed = 00:00:23 . Memory (MB): peak = 2251.551 ; gain = 197.445

Routing Is Done.
INFO: [Common 17-83] Releasing license: Implementation
62 Infos, 95 Warnings, 95 Critical Warnings and 0 Errors encountered.
route_design completed successfully
route_design: Time (s): cpu = 00:00:28 ; elapsed = 00:00:23 . Memory (MB): peak = 2251.551 ; gain = 208.910
INFO: [Vivado 12-24828] Executing command : report_drc -file direct_io_top_drc_routed.rpt -pb direct_io_top_drc_routed.pb -rpx direct_io_top_drc_routed.rpx
Command: report_drc -file direct_io_top_drc_routed.rpt -pb direct_io_top_drc_routed.pb -rpx direct_io_top_drc_routed.rpx
INFO: [IP_Flow 19-1839] IP Catalog is up to date.
INFO: [DRC 23-27] Running DRC with 2 threads
INFO: [Vivado_Tcl 2-168] The results of DRC are in file C:/Users/u15q86/Documents/git/SNES-FPGA-IO/direct-io/direct-io.runs/impl_1/direct_io_top_drc_routed.rpt.
report_drc completed successfully
INFO: [Vivado 12-24828] Executing command : report_methodology -file direct_io_top_methodology_drc_routed.rpt -pb direct_io_top_methodology_drc_routed.pb -rpx direct_io_top_methodology_drc_routed.rpx
Command: report_methodology -file direct_io_top_methodology_drc_routed.rpt -pb direct_io_top_methodology_drc_routed.pb -rpx direct_io_top_methodology_drc_routed.rpx
INFO: [Timing 38-35] Done setting XDC timing constraints.
INFO: [DRC 23-133] Running Methodology with 2 threads
INFO: [Vivado_Tcl 2-1520] The results of Report Methodology are in file C:/Users/u15q86/Documents/git/SNES-FPGA-IO/direct-io/direct-io.runs/impl_1/direct_io_top_methodology_drc_routed.rpt.
report_methodology completed successfully
INFO: [Vivado 12-24828] Executing command : report_timing_summary -max_paths 10 -report_unconstrained -file direct_io_top_timing_summary_routed.rpt -pb direct_io_top_timing_summary_routed.pb -rpx direct_io_top_timing_summary_routed.rpx -warn_on_violation 
INFO: [Timing 38-35] Done setting XDC timing constraints.
INFO: [Timing 38-91] UpdateTimingParams: Speed grade: -1, Delay Type: min_max.
INFO: [Timing 38-191] Multithreading enabled for timing update using a maximum of 2 CPUs
WARNING: [Timing 38-313] There are no user specified timing constraints. Timing constraints are needed for proper timing analysis.
INFO: [Vivado 12-24838] Running report commands "report_incremental_reuse, report_route_status" in parallel.
Running report generation with 2 threads.
INFO: [Vivado 12-24828] Executing command : report_route_status -file direct_io_top_route_status.rpt -pb direct_io_top_route_status.pb
INFO: [Vivado 12-24828] Executing command : report_incremental_reuse -file direct_io_top_incremental_reuse_routed.rpt
INFO: [Vivado_Tcl 4-1062] Incremental flow is disabled. No incremental reuse Info to report.
INFO: [Vivado 12-24828] Executing command : report_power -file direct_io_top_power_routed.rpt -pb direct_io_top_power_summary_routed.pb -rpx direct_io_top_power_routed.rpx
Command: report_power -file direct_io_top_power_routed.rpt -pb direct_io_top_power_summary_routed.pb -rpx direct_io_top_power_routed.rpx
WARNING: [Power 33-232] No user defined clocks were found in the design! Power estimation will be inaccurate until this is corrected.
Resolution: Please specify clocks using create_clock/create_generated_clock for sequential elements. For pure combinatorial circuits, please specify a virtual clock, otherwise the vectorless estimation might be inaccurate
Running Vector-less Activity Propagation...

Finished Running Vector-less Activity Propagation
79 Infos, 97 Warnings, 95 Critical Warnings and 0 Errors encountered.
report_power completed successfully
INFO: [Vivado 12-24828] Executing command : report_clock_utilization -file direct_io_top_clock_utilization_routed.rpt
WARNING: [Device 21-9320] Failed to find the Oracle tile group with name 'HSR_BOUNDARY_TOP'. This is required for Clock regions and Virtual grid.
WARNING: [Device 21-2174] Failed to initialize Virtual grid.
INFO: [Vivado 12-24828] Executing command : report_bus_skew -warn_on_violation -file direct_io_top_bus_skew_routed.rpt -pb direct_io_top_bus_skew_routed.pb -rpx direct_io_top_bus_skew_routed.rpx
INFO: [Timing 38-91] UpdateTimingParams: Speed grade: -1, Delay Type: min_max.
INFO: [Timing 38-191] Multithreading enabled for timing update using a maximum of 2 CPUs
Write ShapeDB Complete: Time (s): cpu = 00:00:00 ; elapsed = 00:00:00.001 . Memory (MB): peak = 2251.551 ; gain = 0.000
INFO: [Timing 38-480] Writing timing data to binary archive.
Wrote PlaceDB: Time (s): cpu = 00:00:00 ; elapsed = 00:00:00.002 . Memory (MB): peak = 2251.551 ; gain = 0.000
Wrote PulsedLatchDB: Time (s): cpu = 00:00:00 ; elapsed = 00:00:00 . Memory (MB): peak = 2251.551 ; gain = 0.000
Writing XDEF routing.
Writing XDEF routing logical nets.
Writing XDEF routing special nets.
Wrote RouteStorage: Time (s): cpu = 00:00:00 ; elapsed = 00:00:00.032 . Memory (MB): peak = 2251.551 ; gain = 0.000
Wrote Netlist Cache: Time (s): cpu = 00:00:00 ; elapsed = 00:00:00 . Memory (MB): peak = 2251.551 ; gain = 0.000
Wrote Device Cache: Time (s): cpu = 00:00:00 ; elapsed = 00:00:00.011 . Memory (MB): peak = 2251.551 ; gain = 0.000
Write Physdb Complete: Time (s): cpu = 00:00:00 ; elapsed = 00:00:00.056 . Memory (MB): peak = 2251.551 ; gain = 0.000
INFO: [Common 17-1381] The checkpoint 'C:/Users/u15q86/Documents/git/SNES-FPGA-IO/direct-io/direct-io.runs/impl_1/direct_io_top_routed.dcp' has been generated.
Command: write_bitstream -force direct_io_top.bit
Attempting to get a license for feature 'Implementation' and/or device 'xc7z020'
INFO: [Common 17-349] Got license for feature 'Implementation' and/or device 'xc7z020'
Running DRC as a precondition to command write_bitstream
INFO: [IP_Flow 19-1839] IP Catalog is up to date.
INFO: [DRC 23-27] Running DRC with 2 threads
WARNING: [DRC ZPS7-1] PS7 block required: The PS7 cell must be used in this Zynq design in order to enable correct default configuration.
INFO: [Vivado 12-3199] DRC finished with 0 Errors, 1 Warnings
INFO: [Vivado 12-3200] Please refer to the DRC report (report_drc) for more information.
INFO: [Designutils 20-2272] Running write_bitstream with 2 threads.
Loading data files...
Loading site data...
Loading route data...
Processing options...
Creating bitmap...
Creating bitstream...
Writing bitstream ./direct_io_top.bit...
INFO: [Vivado 12-1842] Bitgen Completed Successfully.
INFO: [Project 1-1876] WebTalk data collection is mandatory when using a ULT device. To see the specific WebTalk data collected for your design, open the usage_statistics_webtalk.html or usage_statistics_webtalk.xml file in the implementation directory.
INFO: [Common 17-83] Releasing license: Implementation
94 Infos, 100 Warnings, 95 Critical Warnings and 0 Errors encountered.
write_bitstream completed successfully
write_bitstream: Time (s): cpu = 00:00:12 ; elapsed = 00:00:11 . Memory (MB): peak = 2653.281 ; gain = 401.730
INFO: [Common 17-206] Exiting Vivado at Fri Oct 25 14:05:47 2024...
